Running: /opt/Xilinx/14.7/ISE_DS/ISE/bin/lin64/unwrapped/fuse -intstyle ise -incremental -lib unisims_ver -lib unimacro_ver -lib xilinxcorelib_ver -lib secureip -o /home/paleti/VLSI_LAB/ParityGenerator/ParityGen_ise/parityeven_isim_beh.exe -prj /home/paleti/VLSI_LAB/ParityGenerator/ParityGen_ise/parityeven_beh.prj work.parityeven work.glbl 
ISim P.20131013 (signature 0xfbc00daa)
Number of CPUs detected in this system: 8
Turning on mult-threading, number of parallel sub-compilation jobs: 16 
Determining compilation order of HDL files
Analyzing Verilog file "/home/paleti/VLSI_LAB/ParityGenerator/ParityGen_ise/../pg8bit.v" into library work
Analyzing Verilog file "/opt/Xilinx/14.7/ISE_DS/ISE//verilog/src/glbl.v" into library work
Starting static elaboration
Completed static elaboration
Fuse Memory Usage: 82940 KB
Fuse CPU Usage: 920 ms
Compiling module pg2bit
Compiling module parityeven
Compiling module glbl
Time Resolution for simulation is 1ps.
Waiting for 1 sub-compilation(s) to finish...
Compiled 3 Verilog Units
Built simulation executable /home/paleti/VLSI_LAB/ParityGenerator/ParityGen_ise/parityeven_isim_beh.exe
Fuse Memory Usage: 1101856 KB
Fuse CPU Usage: 930 ms
GCC CPU Usage: 410 ms
